# JRE version: OpenJDK Runtime Environment Temurin-21.0.10+7 (21.0.10+7) (build 21.0.10+7-LTS)
# Java VM: OpenJDK 64-Bit Server VM Temurin-21.0.10+7 (21.0.10+7-LTS, mixed mode, sharing, tiered, compressed oops, compressed class ptrs, parallel gc, windows-amd64)
GC Precious Log:
 CardTable entry size: 512
 CPUs: 8 total, 8 available
 Memory: 8101M
 Large Page Support: Disabled
 NUMA Support: Disabled
 Compressed Oops: Enabled (32-bit)
 Alignments: Space 512K, Generation 512K, Heap 2M
 Heap Min Capacity: 100M
 Heap Initial Capacity: 100M
 Heap Max Capacity: 2G
 Pre-touch: Disabled
 Parallel Workers: 8
Heap:
 PSYoungGen      total 8704K, used 4951K [0x00000000d5580000, 0x00000000d6180000, 0x0000000100000000)
  eden space 8192K, 57% used [0x00000000d5580000,0x00000000d5a1dc00,0x00000000d5d80000)
  from space 512K, 43% used [0x00000000d6100000,0x00000000d6138000,0x00000000d6180000)
  to   space 1024K, 0% used [0x00000000d5f80000,0x00000000d5f80000,0x00000000d6080000)
 ParOldGen       total 1157120K, used 878647K [0x0000000080000000, 0x00000000c6a00000, 0x00000000d5580000)
  object space 1157120K, 75% used [0x0000000080000000,0x00000000b5a0dec8,0x00000000c6a00000)
 Metaspace       used 97070K, committed 98816K, reserved 1179648K
  class space    used 9935K, committed 10752K, reserved 1048576K
GC Heap History (20 events):
Event: 81892.807 GC heap before
{Heap before GC invocations=2228 (full 5):
 PSYoungGen      total 9216K, used 8820K [0x00000000d5580000, 0x00000000d6300000, 0x0000000100000000)
  eden space 8192K, 100% used [0x00000000d5580000,0x00000000d5d80000,0x00000000d5d80000)
  from space 1024K, 61% used [0x00000000d6200000,0x00000000d629d200,0x00000000d6300000)
  to   space 1024K, 0% used [0x00000000d6100000,0x00000000d6100000,0x00000000d6200000)
 ParOldGen       total 1157120K, used 874631K [0x0000000080000000, 0x00000000c6a00000, 0x00000000d5580000)
  object space 1157120K, 75% used [0x0000000080000000,0x00000000b5621ef8,0x00000000c6a00000)
 Metaspace       used 97037K, committed 98816K, reserved 1179648K
  class space    used 9935K, committed 10752K, reserved 1048576K
}
Event: 81892.810 GC heap after
{Heap after GC invocations=2228 (full 5):
 PSYoungGen      total 9216K, used 890K [0x00000000d5580000, 0x00000000d6280000, 0x0000000100000000)
  eden space 8192K, 0% used [0x00000000d5580000,0x00000000d5580000,0x00000000d5d80000)
  from space 1024K, 86% used [0x00000000d6100000,0x00000000d61de900,0x00000000d6200000)
  to   space 512K, 0% used [0x00000000d6200000,0x00000000d6200000,0x00000000d6280000)
 ParOldGen       total 1157120K, used 874631K [0x0000000080000000, 0x00000000c6a00000, 0x00000000d5580000)
  object space 1157120K, 75% used [0x0000000080000000,0x00000000b5621ef8,0x00000000c6a00000)
 Metaspace       used 97037K, committed 98816K, reserved 1179648K
  class space    used 9935K, committed 10752K, reserved 1048576K
}
Event: 81893.214 GC heap before
{Heap before GC invocations=2229 (full 5):
 PSYoungGen      total 9216K, used 9082K [0x00000000d5580000, 0x00000000d6280000, 0x0000000100000000)
  eden space 8192K, 100% used [0x00000000d5580000,0x00000000d5d80000,0x00000000d5d80000)
  from space 1024K, 86% used [0x00000000d6100000,0x00000000d61de900,0x00000000d6200000)
  to   space 512K, 0% used [0x00000000d6200000,0x00000000d6200000,0x00000000d6280000)
 ParOldGen       total 1157120K, used 874631K [0x0000000080000000, 0x00000000c6a00000, 0x00000000d5580000)
  object space 1157120K, 75% used [0x0000000080000000,0x00000000b5621ef8,0x00000000c6a00000)
 Metaspace       used 97041K, committed 98816K, reserved 1179648K
  class space    used 9935K, committed 10752K, reserved 1048576K
}
Event: 81893.224 GC heap after
{Heap after GC invocations=2229 (full 5):
 PSYoungGen      total 8704K, used 500K [0x00000000d5580000, 0x00000000d6280000, 0x0000000100000000)
  eden space 8192K, 0% used [0x00000000d5580000,0x00000000d5580000,0x00000000d5d80000)
  from space 512K, 97% used [0x00000000d6200000,0x00000000d627d200,0x00000000d6280000)
  to   space 2048K, 0% used [0x00000000d5e80000,0x00000000d5e80000,0x00000000d6080000)
 ParOldGen       total 1157120K, used 875780K [0x0000000080000000, 0x00000000c6a00000, 0x00000000d5580000)
  object space 1157120K, 75% used [0x0000000080000000,0x00000000b57412f8,0x00000000c6a00000)
 Metaspace       used 97041K, committed 98816K, reserved 1179648K
  class space    used 9935K, committed 10752K, reserved 1048576K
}
Event: 81893.282 GC heap before
{Heap before GC invocations=2230 (full 5):
 PSYoungGen      total 8704K, used 8692K [0x00000000d5580000, 0x00000000d6280000, 0x0000000100000000)
  eden space 8192K, 100% used [0x00000000d5580000,0x00000000d5d80000,0x00000000d5d80000)
  from space 512K, 97% used [0x00000000d6200000,0x00000000d627d200,0x00000000d6280000)
  to   space 2048K, 0% used [0x00000000d5e80000,0x00000000d5e80000,0x00000000d6080000)
 ParOldGen       total 1157120K, used 875780K [0x0000000080000000, 0x00000000c6a00000, 0x00000000d5580000)
  object space 1157120K, 75% used [0x0000000080000000,0x00000000b57412f8,0x00000000c6a00000)
 Metaspace       used 97044K, committed 98816K, reserved 1179648K
  class space    used 9935K, committed 10752K, reserved 1048576K
}
Event: 81893.289 GC heap after
{Heap after GC invocations=2230 (full 5):
 PSYoungGen      total 10240K, used 436K [0x00000000d5580000, 0x00000000d6280000, 0x0000000100000000)
  eden space 8192K, 0% used [0x00000000d5580000,0x00000000d5580000,0x00000000d5d80000)
  from space 2048K, 21% used [0x00000000d5e80000,0x00000000d5eed200,0x00000000d6080000)
  to   space 1024K, 0% used [0x00000000d6180000,0x00000000d6180000,0x00000000d6280000)
 ParOldGen       total 1157120K, used 876289K [0x0000000080000000, 0x00000000c6a00000, 0x00000000d5580000)
  object space 1157120K, 75% used [0x0000000080000000,0x00000000b57c04f8,0x00000000c6a00000)
 Metaspace       used 97044K, committed 98816K, reserved 1179648K
  class space    used 9935K, committed 10752K, reserved 1048576K
}
Event: 81893.621 GC heap before
{Heap before GC invocations=2231 (full 5):
 PSYoungGen      total 10240K, used 8628K [0x00000000d5580000, 0x00000000d6280000, 0x0000000100000000)
  eden space 8192K, 100% used [0x00000000d5580000,0x00000000d5d80000,0x00000000d5d80000)
  from space 2048K, 21% used [0x00000000d5e80000,0x00000000d5eed200,0x00000000d6080000)
  to   space 1024K, 0% used [0x00000000d6180000,0x00000000d6180000,0x00000000d6280000)
 ParOldGen       total 1157120K, used 876289K [0x0000000080000000, 0x00000000c6a00000, 0x00000000d5580000)
  object space 1157120K, 75% used [0x0000000080000000,0x00000000b57c04f8,0x00000000c6a00000)
 Metaspace       used 97045K, committed 98816K, reserved 1179648K
  class space    used 9935K, committed 10752K, reserved 1048576K
}
Event: 81893.626 GC heap after
{Heap after GC invocations=2231 (full 5):
 PSYoungGen      total 8704K, used 314K [0x00000000d5580000, 0x00000000d6200000, 0x0000000100000000)
  eden space 8192K, 0% used [0x00000000d5580000,0x00000000d5580000,0x00000000d5d80000)
  from space 512K, 61% used [0x00000000d6180000,0x00000000d61ce900,0x00000000d6200000)
  to   space 512K, 0% used [0x00000000d6100000,0x00000000d6100000,0x00000000d6180000)
 ParOldGen       total 1157120K, used 876537K [0x0000000080000000, 0x00000000c6a00000, 0x00000000d5580000)
  object space 1157120K, 75% used [0x0000000080000000,0x00000000b57fe6d8,0x00000000c6a00000)
 Metaspace       used 97045K, committed 98816K, reserved 1179648K
  class space    used 9935K, committed 10752K, reserved 1048576K
}
Event: 81894.503 GC heap before
{Heap before GC invocations=2232 (full 5):
 PSYoungGen      total 8704K, used 8480K [0x00000000d5580000, 0x00000000d6200000, 0x0000000100000000)
  eden space 8192K, 99% used [0x00000000d5580000,0x00000000d5d797b0,0x00000000d5d80000)
  from space 512K, 61% used [0x00000000d6180000,0x00000000d61ce900,0x00000000d6200000)
  to   space 512K, 0% used [0x00000000d6100000,0x00000000d6100000,0x00000000d6180000)
 ParOldGen       total 1157120K, used 876537K [0x0000000080000000, 0x00000000c6a00000, 0x00000000d5580000)
  object space 1157120K, 75% used [0x0000000080000000,0x00000000b57fe6d8,0x00000000c6a00000)
 Metaspace       used 97045K, committed 98816K, reserved 1179648K
  class space    used 9935K, committed 10752K, reserved 1048576K
}
Event: 81894.505 GC heap after
{Heap after GC invocations=2232 (full 5):
 PSYoungGen      total 8704K, used 282K [0x00000000d5580000, 0x00000000d6200000, 0x0000000100000000)
  eden space 8192K, 0% used [0x00000000d5580000,0x00000000d5580000,0x00000000d5d80000)
  from space 512K, 55% used [0x00000000d6100000,0x00000000d6146900,0x00000000d6180000)
  to   space 512K, 0% used [0x00000000d6180000,0x00000000d6180000,0x00000000d6200000)
 ParOldGen       total 1157120K, used 876561K [0x0000000080000000, 0x00000000c6a00000, 0x00000000d5580000)
  object space 1157120K, 75% used [0x0000000080000000,0x00000000b58046d8,0x00000000c6a00000)
 Metaspace       used 97045K, committed 98816K, reserved 1179648K
  class space    used 9935K, committed 10752K, reserved 1048576K
}
Event: 81894.905 GC heap before
{Heap before GC invocations=2233 (full 5):
 PSYoungGen      total 8704K, used 8474K [0x00000000d5580000, 0x00000000d6200000, 0x0000000100000000)
  eden space 8192K, 100% used [0x00000000d5580000,0x00000000d5d80000,0x00000000d5d80000)
  from space 512K, 55% used [0x00000000d6100000,0x00000000d6146900,0x00000000d6180000)
  to   space 512K, 0% used [0x00000000d6180000,0x00000000d6180000,0x00000000d6200000)
 ParOldGen       total 1157120K, used 876561K [0x0000000080000000, 0x00000000c6a00000, 0x00000000d5580000)
  object space 1157120K, 75% used [0x0000000080000000,0x00000000b58046d8,0x00000000c6a00000)
 Metaspace       used 97045K, committed 98816K, reserved 1179648K
  class space    used 9935K, committed 10752K, reserved 1048576K
}
Event: 81894.910 GC heap after
{Heap after GC invocations=2233 (full 5):
 PSYoungGen      total 8704K, used 500K [0x00000000d5580000, 0x00000000d6200000, 0x0000000100000000)
  eden space 8192K, 0% used [0x00000000d5580000,0x00000000d5580000,0x00000000d5d80000)
  from space 512K, 97% used [0x00000000d6180000,0x00000000d61fd200,0x00000000d6200000)
  to   space 1536K, 0% used [0x00000000d5f00000,0x00000000d5f00000,0x00000000d6080000)
 ParOldGen       total 1157120K, used 877142K [0x0000000080000000, 0x00000000c6a00000, 0x00000000d5580000)
  object space 1157120K, 75% used [0x0000000080000000,0x00000000b5895ac8,0x00000000c6a00000)
 Metaspace       used 97045K, committed 98816K, reserved 1179648K
  class space    used 9935K, committed 10752K, reserved 1048576K
}
Event: 81894.942 GC heap before
{Heap before GC invocations=2234 (full 5):
 PSYoungGen      total 8704K, used 8692K [0x00000000d5580000, 0x00000000d6200000, 0x0000000100000000)
  eden space 8192K, 100% used [0x00000000d5580000,0x00000000d5d80000,0x00000000d5d80000)
  from space 512K, 97% used [0x00000000d6180000,0x00000000d61fd200,0x00000000d6200000)
  to   space 1536K, 0% used [0x00000000d5f00000,0x00000000d5f00000,0x00000000d6080000)
 ParOldGen       total 1157120K, used 877142K [0x0000000080000000, 0x00000000c6a00000, 0x00000000d5580000)
  object space 1157120K, 75% used [0x0000000080000000,0x00000000b5895ac8,0x00000000c6a00000)
 Metaspace       used 97045K, committed 98816K, reserved 1179648K
  class space    used 9935K, committed 10752K, reserved 1048576K
}
Event: 81894.946 GC heap after
{Heap after GC invocations=2234 (full 5):
 PSYoungGen      total 9728K, used 570K [0x00000000d5580000, 0x00000000d6200000, 0x0000000100000000)
  eden space 8192K, 0% used [0x00000000d5580000,0x00000000d5580000,0x00000000d5d80000)
  from space 1536K, 37% used [0x00000000d5f00000,0x00000000d5f8e900,0x00000000d6080000)
  to   space 1024K, 0% used [0x00000000d6100000,0x00000000d6100000,0x00000000d6200000)
 ParOldGen       total 1157120K, used 877586K [0x0000000080000000, 0x00000000c6a00000, 0x00000000d5580000)
  object space 1157120K, 75% used [0x0000000080000000,0x00000000b5904ad8,0x00000000c6a00000)
 Metaspace       used 97045K, committed 98816K, reserved 1179648K
  class space    used 9935K, committed 10752K, reserved 1048576K
}
Event: 81898.093 GC heap before
{Heap before GC invocations=2235 (full 5):
 PSYoungGen      total 9728K, used 8762K [0x00000000d5580000, 0x00000000d6200000, 0x0000000100000000)
  eden space 8192K, 100% used [0x00000000d5580000,0x00000000d5d80000,0x00000000d5d80000)
  from space 1536K, 37% used [0x00000000d5f00000,0x00000000d5f8e900,0x00000000d6080000)
  to   space 1024K, 0% used [0x00000000d6100000,0x00000000d6100000,0x00000000d6200000)
 ParOldGen       total 1157120K, used 877586K [0x0000000080000000, 0x00000000c6a00000, 0x00000000d5580000)
  object space 1157120K, 75% used [0x0000000080000000,0x00000000b5904ad8,0x00000000c6a00000)
 Metaspace       used 97046K, committed 98816K, reserved 1179648K
  class space    used 9935K, committed 10752K, reserved 1048576K
}
Event: 81898.096 GC heap after
{Heap after GC invocations=2235 (full 5):
 PSYoungGen      total 9216K, used 656K [0x00000000d5580000, 0x00000000d6200000, 0x0000000100000000)
  eden space 8192K, 0% used [0x00000000d5580000,0x00000000d5580000,0x00000000d5d80000)
  from space 1024K, 64% used [0x00000000d6100000,0x00000000d61a4010,0x00000000d6200000)
  to   space 1024K, 0% used [0x00000000d6000000,0x00000000d6000000,0x00000000d6100000)
 ParOldGen       total 1157120K, used 877618K [0x0000000080000000, 0x00000000c6a00000, 0x00000000d5580000)
  object space 1157120K, 75% used [0x0000000080000000,0x00000000b590cad8,0x00000000c6a00000)
 Metaspace       used 97046K, committed 98816K, reserved 1179648K
  class space    used 9935K, committed 10752K, reserved 1048576K
}
Event: 81898.491 GC heap before
{Heap before GC invocations=2236 (full 5):
 PSYoungGen      total 9216K, used 8848K [0x00000000d5580000, 0x00000000d6200000, 0x0000000100000000)
  eden space 8192K, 100% used [0x00000000d5580000,0x00000000d5d80000,0x00000000d5d80000)
  from space 1024K, 64% used [0x00000000d6100000,0x00000000d61a4010,0x00000000d6200000)
  to   space 1024K, 0% used [0x00000000d6000000,0x00000000d6000000,0x00000000d6100000)
 ParOldGen       total 1157120K, used 877618K [0x0000000080000000, 0x00000000c6a00000, 0x00000000d5580000)
  object space 1157120K, 75% used [0x0000000080000000,0x00000000b590cad8,0x00000000c6a00000)
 Metaspace       used 97063K, committed 98816K, reserved 1179648K
  class space    used 9935K, committed 10752K, reserved 1048576K
}
Event: 81898.497 GC heap after
{Heap after GC invocations=2236 (full 5):
 PSYoungGen      total 9216K, used 996K [0x00000000d5580000, 0x00000000d6180000, 0x0000000100000000)
  eden space 8192K, 0% used [0x00000000d5580000,0x00000000d5580000,0x00000000d5d80000)
  from space 1024K, 97% used [0x00000000d6000000,0x00000000d60f9210,0x00000000d6100000)
  to   space 512K, 0% used [0x00000000d6100000,0x00000000d6100000,0x00000000d6180000)
 ParOldGen       total 1157120K, used 878159K [0x0000000080000000, 0x00000000c6a00000, 0x00000000d5580000)
  object space 1157120K, 75% used [0x0000000080000000,0x00000000b5993ce8,0x00000000c6a00000)
 Metaspace       used 97063K, committed 98816K, reserved 1179648K
  class space    used 9935K, committed 10752K, reserved 1048576K
}
Event: 81898.792 GC heap before
{Heap before GC invocations=2237 (full 5):
 PSYoungGen      total 9216K, used 9188K [0x00000000d5580000, 0x00000000d6180000, 0x0000000100000000)
  eden space 8192K, 100% used [0x00000000d5580000,0x00000000d5d80000,0x00000000d5d80000)
  from space 1024K, 97% used [0x00000000d6000000,0x00000000d60f9210,0x00000000d6100000)
  to   space 512K, 0% used [0x00000000d6100000,0x00000000d6100000,0x00000000d6180000)
 ParOldGen       total 1157120K, used 878159K [0x0000000080000000, 0x00000000c6a00000, 0x00000000d5580000)
  object space 1157120K, 75% used [0x0000000080000000,0x00000000b5993ce8,0x00000000c6a00000)
 Metaspace       used 97063K, committed 98816K, reserved 1179648K
  class space    used 9935K, committed 10752K, reserved 1048576K
}
Event: 81898.799 GC heap after
{Heap after GC invocations=2237 (full 5):
 PSYoungGen      total 8704K, used 224K [0x00000000d5580000, 0x00000000d6180000, 0x0000000100000000)
  eden space 8192K, 0% used [0x00000000d5580000,0x00000000d5580000,0x00000000d5d80000)
  from space 512K, 43% used [0x00000000d6100000,0x00000000d6138000,0x00000000d6180000)
  to   space 1024K, 0% used [0x00000000d5f80000,0x00000000d5f80000,0x00000000d6080000)
 ParOldGen       total 1157120K, used 878647K [0x0000000080000000, 0x00000000c6a00000, 0x00000000d5580000)
  object space 1157120K, 75% used [0x0000000080000000,0x00000000b5a0dec8,0x00000000c6a00000)
 Metaspace       used 97063K, committed 98816K, reserved 1179648K
  class space    used 9935K, committed 10752K, reserved 1048576K
}

